Base path: /Applications/Unity/Unity.app/Contents
Pipe name: \\.\pipe\UnityShaderCompiler-1--1605078572
Cmd: getPlatforms
Cmd: compileSnippet
  api=5 type=0 insize=1156 outsize=8189 kw= ok=1
Cmd: compileSnippet
  api=5 type=1 insize=1156 outsize=6 kw= ok=1
Cmd: compileSnippet
  api=5 type=0 insize=916 outsize=774 kw= ok=1
Cmd: compileSnippet
  api=5 type=1 insize=916 outsize=6 kw= ok=1
Cmd: preprocess
  insize=1144 outsize=285 ok=1
Cmd: preprocess
  insize=1146 outsize=287 ok=1
Cmd: preprocess
  insize=1142 outsize=283 ok=1
Cmd: preprocess
  insize=1144 outsize=285 ok=1
Cmd: preprocess
  insize=1142 outsize=283 ok=1
Cmd: preprocess
  insize=1155 outsize=296 ok=1
Cmd: preprocess
  insize=1127 outsize=296 ok=1
Cmd: compileSnippet
  api=0 type=0 insize=1128 outsize=450 kw= ok=1
Cmd: compileSnippet
  api=0 type=1 insize=1128 outsize=162 kw= ok=1
Cmd: compileSnippet
  api=5 type=0 insize=1128 outsize=8153 kw= ok=1
Cmd: compileSnippet
  api=5 type=1 insize=1128 outsize=6 kw= ok=1
Cmd: preprocess
  insize=1141 outsize=296 ok=1
Cmd: compileSnippet
  api=0 type=0 insize=1142 outsize=450 kw= ok=1
Cmd: compileSnippet
  api=0 type=1 insize=1142 outsize=284 kw= ok=1
Cmd: preprocess
  insize=1155 outsize=296 ok=1
Cmd: preprocess
  insize=1154 outsize=295 ok=1
Cmd: compileSnippet
  api=0 type=0 insize=1034 outsize=402 kw= ok=1
Cmd: compileSnippet
  api=0 type=1 insize=1034 outsize=258 kw= ok=1
Cmd: preprocess
  insize=1150 outsize=291 ok=1
